<?xml version="1.0" encoding="UTF-8"?>
<!-- Generated by org.testng.reporters.JUnitReportReporter -->
<testsuite skipped="0" hostname="DESKTOP-0R60E7M" name="org.exe.ExecutionClass" tests="5" failures="0" timestamp="01 Nov 2022 08:26:55 GMT" time="7.694" errors="0">
  <testcase name="m4" time="1.286" classname="org.exe.ExecutionClass"/>
  <testcase name="m1" time="1.409" classname="org.exe.ExecutionClass"/>
  <testcase name="m3" time="1.358" classname="org.exe.ExecutionClass"/>
  <testcase name="m2" time="2.503" classname="org.exe.ExecutionClass"/>
  <testcase name="m5" time="1.138" classname="org.exe.ExecutionClass"/>
</testsuite> <!-- org.exe.ExecutionClass -->
